Determining if the pthread_create exist failed with the following output:
Change Dir: /home/eason/doc_file/MPC硬件/CMakeFiles/CMakeTmp

Run Build Command:"/usr/bin/make" "cmTC_2005a/fast"
/usr/bin/make -f CMakeFiles/cmTC_2005a.dir/build.make CMakeFiles/cmTC_2005a.dir/build
make[1]: Entering directory '/home/eason/doc_file/MPC硬件/CMakeFiles/CMakeTmp'
Building C object CMakeFiles/cmTC_2005a.dir/CheckSymbolExists.c.o
/usr/bin/cc    -o CMakeFiles/cmTC_2005a.dir/CheckSymbolExists.c.o   -c /home/eason/doc_file/MPC硬件/CMakeFiles/CMakeTmp/CheckSymbolExists.c
Linking C executable cmTC_2005a
/usr/bin/cmake -E cmake_link_script CMakeFiles/cmTC_2005a.dir/link.txt --verbose=1
/usr/bin/cc      CMakeFiles/cmTC_2005a.dir/CheckSymbolExists.c.o  -o cmTC_2005a 
CMakeFiles/cmTC_2005a.dir/CheckSymbolExists.c.o: In function `main':
CheckSymbolExists.c:(.text+0x1b): undefined reference to `pthread_create'
collect2: error: ld returned 1 exit status
CMakeFiles/cmTC_2005a.dir/build.make:97: recipe for target 'cmTC_2005a' failed
make[1]: *** [cmTC_2005a] Error 1
make[1]: Leaving directory '/home/eason/doc_file/MPC硬件/CMakeFiles/CMakeTmp'
Makefile:126: recipe for target 'cmTC_2005a/fast' failed
make: *** [cmTC_2005a/fast] Error 2

File /home/eason/doc_file/MPC硬件/CMakeFiles/CMakeTmp/CheckSymbolExists.c:
/* */
#include <pthread.h>

int main(int argc, char** argv)
{
  (void)argv;
#ifndef pthread_create
  return ((int*)(&pthread_create))[argc];
#else
  (void)argc;
  return 0;
#endif
}

Determining if the function pthread_create exists in the pthreads failed with the following output:
Change Dir: /home/eason/doc_file/MPC硬件/CMakeFiles/CMakeTmp

Run Build Command:"/usr/bin/make" "cmTC_d9b02/fast"
/usr/bin/make -f CMakeFiles/cmTC_d9b02.dir/build.make CMakeFiles/cmTC_d9b02.dir/build
make[1]: Entering directory '/home/eason/doc_file/MPC硬件/CMakeFiles/CMakeTmp'
Building C object CMakeFiles/cmTC_d9b02.dir/CheckFunctionExists.c.o
/usr/bin/cc   -DCHECK_FUNCTION_EXISTS=pthread_create   -o CMakeFiles/cmTC_d9b02.dir/CheckFunctionExists.c.o   -c /usr/share/cmake-3.10/Modules/CheckFunctionExists.c
Linking C executable cmTC_d9b02
/usr/bin/cmake -E cmake_link_script CMakeFiles/cmTC_d9b02.dir/link.txt --verbose=1
/usr/bin/cc  -DCHECK_FUNCTION_EXISTS=pthread_create    CMakeFiles/cmTC_d9b02.dir/CheckFunctionExists.c.o  -o cmTC_d9b02 -lpthreads 
/usr/bin/ld: cannot find -lpthreads
collect2: error: ld returned 1 exit status
CMakeFiles/cmTC_d9b02.dir/build.make:97: recipe for target 'cmTC_d9b02' failed
make[1]: *** [cmTC_d9b02] Error 1
make[1]: Leaving directory '/home/eason/doc_file/MPC硬件/CMakeFiles/CMakeTmp'
Makefile:126: recipe for target 'cmTC_d9b02/fast' failed
make: *** [cmTC_d9b02/fast] Error 2


